<?xml version="1.0" encoding="UTF-8"?>
<!-- Generated by org.testng.reporters.JUnitReportReporter -->
<testsuite hostname="rohith" failures="0" tests="2" name="TestRunner.CucumberBackground" time="0.357" errors="2" timestamp="2025-05-21T19:28:24 IST" skipped="0">
  <testcase classname="TestRunner.CucumberBackground" name="runScenario" time="0.028">
    <error message="Cannot invoke &quot;org.openqa.selenium.WebDriver.get(String)&quot; because &quot;this.driver&quot; is null" type="java.lang.NullPointerException">
      <![CDATA[java.lang.NullPointerException: Cannot invoke "org.openqa.selenium.WebDriver.get(String)" because "this.driver" is null
at StepDefinitions.BackGroundStepDefinitions.user_is_accessing_sauce_demo_login_page(BackGroundStepDefinitions.java:30)
at ✽.user is accessing sauce demo login page(file:///C:/Users/Rohith%20S%20J/eclipse-workspace/BDDCucumberFramework/src/test/resources/Background/backgrounddemo.feature:6)
]]>
    </error>
  </testcase> <!-- runScenario -->
  <testcase classname="TestRunner.CucumberBackground" name="runScenario" time="0.329">
    <error message="Cannot invoke &quot;org.openqa.selenium.WebDriver.get(String)&quot; because &quot;this.driver&quot; is null" type="java.lang.NullPointerException">
      <![CDATA[java.lang.NullPointerException: Cannot invoke "org.openqa.selenium.WebDriver.get(String)" because "this.driver" is null
at StepDefinitions.BackGroundStepDefinitions.user_is_accessing_sauce_demo_login_page(BackGroundStepDefinitions.java:30)
at ✽.user is accessing sauce demo login page(file:///C:/Users/Rohith%20S%20J/eclipse-workspace/BDDCucumberFramework/src/test/resources/Background/backgrounddemo.feature:6)
]]>
    </error>
  </testcase> <!-- runScenario -->
</testsuite> <!-- TestRunner.CucumberBackground -->
