<?xml version="1.0" encoding="UTF-8"?>
<!-- Generated by org.testng.reporters.JUnitReportReporter -->
<testsuite hostname="rohith" failures="0" tests="2" name="TestRunner.CucumberTestRunnerfortags" time="0.212" errors="0" timestamp="2025-05-18T18:16:54 IST" skipped="0">
  <testcase classname="TestRunner.CucumberTestRunnerfortags" name="runScenario" time="0.007"/>
  <testcase classname="TestRunner.CucumberTestRunnerfortags" name="runScenario" time="0.205"/>
</testsuite> <!-- TestRunner.CucumberTestRunnerfortags -->
