<?xml version="1.0" encoding="UTF-8"?>
<!-- Generated by org.testng.reporters.JUnitReportReporter -->
<testsuite hostname="rohith" failures="0" tests="2" name="TestRunner.CucumberTestRunnerforBackground$CucumberTestRunner" time="16.497" errors="0" timestamp="2025-05-17T21:59:59 IST" skipped="0">
  <testcase classname="TestRunner.CucumberTestRunnerforBackground$CucumberTestRunner" name="runScenario" time="7.248"/>
  <testcase classname="TestRunner.CucumberTestRunnerforBackground$CucumberTestRunner" name="runScenario" time="9.249"/>
</testsuite> <!-- TestRunner.CucumberTestRunnerforBackground$CucumberTestRunner -->
