<?xml version="1.0" encoding="UTF-8"?>
<!-- Generated by org.testng.reporters.JUnitReportReporter -->
<testsuite hostname="rohith" failures="0" tests="1" name="TestRunner.CucumberTestRunner" time="173.901" errors="0" timestamp="2025-05-18T21:21:05 IST" skipped="0">
  <testcase classname="TestRunner.CucumberTestRunner" name="runScenario" time="173.901"/>
</testsuite> <!-- TestRunner.CucumberTestRunner -->
